<?xml version="1.0" encoding="UTF-8"?>
<testsuite xmlns:xsi="http://www.w3.org/2001/XMLSchema-instance" xsi:noNamespaceSchemaLocation="https://maven.apache.org/surefire/maven-surefire-plugin/xsd/surefire-test-report.xsd" name="com.ecommerce.service.UserServiceTest" time="0.007" tests="5" errors="0" skipped="0" failures="0">
  <properties>
[...]
</properties>
  <testcase name="testGetAllUsers" classname="com.ecommerce.service.UserServiceTest" time="0.002"/>
  <testcase name="testRegisterUser" classname="com.ecommerce.service.UserServiceTest" time="0.001"/>
  <testcase name="testGetUserById" classname="com.ecommerce.service.UserServiceTest" time="0"/>
  <testcase name="testGetActiveUsers" classname="com.ecommerce.service.UserServiceTest" time="0.001"/>
  <testcase name="testRegisterUserEmailExists" classname="com.ecommerce.service.UserServiceTest" time="0.001"/>
</testsuite>